2013/03/05 18:47:45 [error] [php] date(): It is not safe to rely on the system's timezone settings. You are *required* to use the date.timezone setting or the date_default_timezone_set() function. In case you used any of those methods and you are still getting this warning, you most likely misspelled the timezone identifier. We selected 'Asia/Chongqing' for 'CST/8.0/no DST' instead (/Applications/MAMP/htdocs/hzb/USTB_Kepu/protected/views/layouts/main.php:51)
Stack trace:
#0 /Applications/MAMP/htdocs/hzb/framework/web/CBaseController.php(96): SiteController->renderInternal()
#1 /Applications/MAMP/htdocs/hzb/framework/web/widgets/CContentDecorator.php(77): SiteController->renderFile()
#2 /Applications/MAMP/htdocs/hzb/framework/web/widgets/CContentDecorator.php(55): CContentDecorator->decorate()
#3 /Applications/MAMP/htdocs/hzb/framework/web/widgets/COutputProcessor.php(45): CContentDecorator->processOutput()
#4 /Applications/MAMP/htdocs/hzb/framework/web/CBaseController.php(207): CContentDecorator->run()
#5 /Applications/MAMP/htdocs/hzb/framework/web/CBaseController.php(301): SiteController->endWidget()
#6 /Applications/MAMP/htdocs/hzb/USTB_Kepu/protected/views/layouts/column1.php(6): SiteController->endContent()
#7 /Applications/MAMP/htdocs/hzb/framework/web/CBaseController.php(127): require()
#8 /Applications/MAMP/htdocs/hzb/framework/web/CBaseController.php(96): SiteController->renderInternal()
#9 /Applications/MAMP/htdocs/hzb/framework/web/CController.php(785): SiteController->renderFile()
#10 /Applications/MAMP/htdocs/hzb/USTB_Kepu/protected/controllers/SiteController.php(32): SiteController->render()
#11 /Applications/MAMP/htdocs/hzb/framework/web/actions/CInlineAction.php(50): SiteController->actionIndex()
#12 /Applications/MAMP/htdocs/hzb/framework/web/CController.php(309): CInlineAction->runWithParams()
#13 /Applications/MAMP/htdocs/hzb/framework/web/CController.php(287): SiteController->runAction()
#14 /Applications/MAMP/htdocs/hzb/framework/web/CController.php(266): SiteController->runActionWithFilters()
#15 /Applications/MAMP/htdocs/hzb/framework/web/CWebApplication.php(283): SiteController->run()
#16 /Applications/MAMP/htdocs/hzb/framework/web/CWebApplication.php(142): CWebApplication->runController()
#17 /Applications/MAMP/htdocs/hzb/framework/base/CApplication.php(162): CWebApplication->processRequest()
#18 /Applications/MAMP/htdocs/hzb/USTB_Kepu/index.php(13): CWebApplication->run()
#19 /Applications/MAMP/htdocs/hzb/framework/cli/commands/ShellCommand.php(80): require()
#20 /Applications/MAMP/htdocs/hzb/framework/console/CConsoleCommandRunner.php(68): ShellCommand->run()
#21 /Applications/MAMP/htdocs/hzb/framework/console/CConsoleApplication.php(92): CConsoleCommandRunner->run()
#22 /Applications/MAMP/htdocs/hzb/framework/base/CApplication.php(162): CConsoleApplication->processRequest()
#23 /Applications/MAMP/htdocs/hzb/framework/yiic.php(34): CConsoleApplication->run()
#24 /Applications/MAMP/htdocs/hzb/framework/yiic(15): require_once()
REQUEST_URI=/index.php
2013/03/05 18:50:41 [error] [php] date(): It is not safe to rely on the system's timezone settings. You are *required* to use the date.timezone setting or the date_default_timezone_set() function. In case you used any of those methods and you are still getting this warning, you most likely misspelled the timezone identifier. We selected 'Asia/Chongqing' for 'CST/8.0/no DST' instead (/Applications/MAMP/htdocs/hzb/USTB_Kepu/protected/views/layouts/main.php:51)
Stack trace:
#0 /Applications/MAMP/htdocs/hzb/framework/web/CBaseController.php(96): SiteController->renderInternal()
#1 /Applications/MAMP/htdocs/hzb/framework/web/widgets/CContentDecorator.php(77): SiteController->renderFile()
#2 /Applications/MAMP/htdocs/hzb/framework/web/widgets/CContentDecorator.php(55): CContentDecorator->decorate()
#3 /Applications/MAMP/htdocs/hzb/framework/web/widgets/COutputProcessor.php(45): CContentDecorator->processOutput()
#4 /Applications/MAMP/htdocs/hzb/framework/web/CBaseController.php(207): CContentDecorator->run()
#5 /Applications/MAMP/htdocs/hzb/framework/web/CBaseController.php(301): SiteController->endWidget()
#6 /Applications/MAMP/htdocs/hzb/USTB_Kepu/protected/views/layouts/column1.php(6): SiteController->endContent()
#7 /Applications/MAMP/htdocs/hzb/framework/web/CBaseController.php(127): require()
#8 /Applications/MAMP/htdocs/hzb/framework/web/CBaseController.php(96): SiteController->renderInternal()
#9 /Applications/MAMP/htdocs/hzb/framework/web/CController.php(785): SiteController->renderFile()
#10 /Applications/MAMP/htdocs/hzb/USTB_Kepu/protected/controllers/SiteController.php(32): SiteController->render()
#11 /Applications/MAMP/htdocs/hzb/framework/web/actions/CInlineAction.php(50): SiteController->actionIndex()
#12 /Applications/MAMP/htdocs/hzb/framework/web/CController.php(309): CInlineAction->runWithParams()
#13 /Applications/MAMP/htdocs/hzb/framework/web/CController.php(287): SiteController->runAction()
#14 /Applications/MAMP/htdocs/hzb/framework/web/CController.php(266): SiteController->runActionWithFilters()
#15 /Applications/MAMP/htdocs/hzb/framework/web/CWebApplication.php(283): SiteController->run()
#16 /Applications/MAMP/htdocs/hzb/framework/web/CWebApplication.php(142): CWebApplication->runController()
#17 /Applications/MAMP/htdocs/hzb/framework/base/CApplication.php(162): CWebApplication->processRequest()
#18 /Applications/MAMP/htdocs/hzb/USTB_Kepu/index.php(13): CWebApplication->run()
#19 /Applications/MAMP/htdocs/hzb/framework/cli/commands/ShellCommand.php(80): require()
#20 /Applications/MAMP/htdocs/hzb/framework/console/CConsoleCommandRunner.php(68): ShellCommand->run()
#21 /Applications/MAMP/htdocs/hzb/framework/console/CConsoleApplication.php(92): CConsoleCommandRunner->run()
#22 /Applications/MAMP/htdocs/hzb/framework/base/CApplication.php(162): CConsoleApplication->processRequest()
#23 /Applications/MAMP/htdocs/hzb/framework/yiic.php(34): CConsoleApplication->run()
#24 /Applications/MAMP/htdocs/hzb/framework/yiic(15): require_once()
REQUEST_URI=/index.php
2013/03/05 18:56:50 [error] [php] date(): It is not safe to rely on the system's timezone settings. You are *required* to use the date.timezone setting or the date_default_timezone_set() function. In case you used any of those methods and you are still getting this warning, you most likely misspelled the timezone identifier. We selected 'Asia/Chongqing' for 'CST/8.0/no DST' instead (/Applications/MAMP/htdocs/hzb/USTB_Kepu/protected/views/layouts/main.php:51)
Stack trace:
#0 /Applications/MAMP/htdocs/hzb/framework/web/CBaseController.php(96): SiteController->renderInternal()
#1 /Applications/MAMP/htdocs/hzb/framework/web/widgets/CContentDecorator.php(77): SiteController->renderFile()
#2 /Applications/MAMP/htdocs/hzb/framework/web/widgets/CContentDecorator.php(55): CContentDecorator->decorate()
#3 /Applications/MAMP/htdocs/hzb/framework/web/widgets/COutputProcessor.php(45): CContentDecorator->processOutput()
#4 /Applications/MAMP/htdocs/hzb/framework/web/CBaseController.php(207): CContentDecorator->run()
#5 /Applications/MAMP/htdocs/hzb/framework/web/CBaseController.php(301): SiteController->endWidget()
#6 /Applications/MAMP/htdocs/hzb/USTB_Kepu/protected/views/layouts/column1.php(6): SiteController->endContent()
#7 /Applications/MAMP/htdocs/hzb/framework/web/CBaseController.php(127): require()
#8 /Applications/MAMP/htdocs/hzb/framework/web/CBaseController.php(96): SiteController->renderInternal()
#9 /Applications/MAMP/htdocs/hzb/framework/web/CController.php(785): SiteController->renderFile()
#10 /Applications/MAMP/htdocs/hzb/USTB_Kepu/protected/controllers/SiteController.php(32): SiteController->render()
#11 /Applications/MAMP/htdocs/hzb/framework/web/actions/CInlineAction.php(50): SiteController->actionIndex()
#12 /Applications/MAMP/htdocs/hzb/framework/web/CController.php(309): CInlineAction->runWithParams()
#13 /Applications/MAMP/htdocs/hzb/framework/web/CController.php(287): SiteController->runAction()
#14 /Applications/MAMP/htdocs/hzb/framework/web/CController.php(266): SiteController->runActionWithFilters()
#15 /Applications/MAMP/htdocs/hzb/framework/web/CWebApplication.php(283): SiteController->run()
#16 /Applications/MAMP/htdocs/hzb/framework/web/CWebApplication.php(142): CWebApplication->runController()
#17 /Applications/MAMP/htdocs/hzb/framework/base/CApplication.php(162): CWebApplication->processRequest()
#18 /Applications/MAMP/htdocs/hzb/USTB_Kepu/index.php(13): CWebApplication->run()
#19 /Applications/MAMP/htdocs/hzb/framework/cli/commands/ShellCommand.php(80): require()
#20 /Applications/MAMP/htdocs/hzb/framework/console/CConsoleCommandRunner.php(68): ShellCommand->run()
#21 /Applications/MAMP/htdocs/hzb/framework/console/CConsoleApplication.php(92): CConsoleCommandRunner->run()
#22 /Applications/MAMP/htdocs/hzb/framework/base/CApplication.php(162): CConsoleApplication->processRequest()
#23 /Applications/MAMP/htdocs/hzb/framework/yiic.php(34): CConsoleApplication->run()
#24 /Applications/MAMP/htdocs/hzb/framework/yiic(15): require_once()
REQUEST_URI=/index.php
2013/03/05 19:01:17 [error] [php] date(): It is not safe to rely on the system's timezone settings. You are *required* to use the date.timezone setting or the date_default_timezone_set() function. In case you used any of those methods and you are still getting this warning, you most likely misspelled the timezone identifier. We selected 'Asia/Chongqing' for 'CST/8.0/no DST' instead (/Applications/MAMP/htdocs/hzb/USTB_Kepu/protected/views/layouts/main.php:51)
Stack trace:
#0 /Applications/MAMP/htdocs/hzb/framework/web/CBaseController.php(96): SiteController->renderInternal()
#1 /Applications/MAMP/htdocs/hzb/framework/web/widgets/CContentDecorator.php(77): SiteController->renderFile()
#2 /Applications/MAMP/htdocs/hzb/framework/web/widgets/CContentDecorator.php(55): CContentDecorator->decorate()
#3 /Applications/MAMP/htdocs/hzb/framework/web/widgets/COutputProcessor.php(45): CContentDecorator->processOutput()
#4 /Applications/MAMP/htdocs/hzb/framework/web/CBaseController.php(207): CContentDecorator->run()
#5 /Applications/MAMP/htdocs/hzb/framework/web/CBaseController.php(301): SiteController->endWidget()
#6 /Applications/MAMP/htdocs/hzb/USTB_Kepu/protected/views/layouts/column1.php(6): SiteController->endContent()
#7 /Applications/MAMP/htdocs/hzb/framework/web/CBaseController.php(127): require()
#8 /Applications/MAMP/htdocs/hzb/framework/web/CBaseController.php(96): SiteController->renderInternal()
#9 /Applications/MAMP/htdocs/hzb/framework/web/CController.php(785): SiteController->renderFile()
#10 /Applications/MAMP/htdocs/hzb/USTB_Kepu/protected/controllers/SiteController.php(32): SiteController->render()
#11 /Applications/MAMP/htdocs/hzb/framework/web/actions/CInlineAction.php(50): SiteController->actionIndex()
#12 /Applications/MAMP/htdocs/hzb/framework/web/CController.php(309): CInlineAction->runWithParams()
#13 /Applications/MAMP/htdocs/hzb/framework/web/CController.php(287): SiteController->runAction()
#14 /Applications/MAMP/htdocs/hzb/framework/web/CController.php(266): SiteController->runActionWithFilters()
#15 /Applications/MAMP/htdocs/hzb/framework/web/CWebApplication.php(283): SiteController->run()
#16 /Applications/MAMP/htdocs/hzb/framework/web/CWebApplication.php(142): CWebApplication->runController()
#17 /Applications/MAMP/htdocs/hzb/framework/base/CApplication.php(162): CWebApplication->processRequest()
#18 /Applications/MAMP/htdocs/hzb/USTB_Kepu/index.php(13): CWebApplication->run()
#19 /Applications/MAMP/htdocs/hzb/framework/cli/commands/ShellCommand.php(80): require()
#20 /Applications/MAMP/htdocs/hzb/framework/console/CConsoleCommandRunner.php(68): ShellCommand->run()
#21 /Applications/MAMP/htdocs/hzb/framework/console/CConsoleApplication.php(92): CConsoleCommandRunner->run()
#22 /Applications/MAMP/htdocs/hzb/framework/base/CApplication.php(162): CConsoleApplication->processRequest()
#23 /Applications/MAMP/htdocs/hzb/framework/yiic.php(34): CConsoleApplication->run()
#24 /Applications/MAMP/htdocs/hzb/framework/yiic(15): require_once()
REQUEST_URI=/index.php
2013/03/05 19:28:28 [error] [php] date(): It is not safe to rely on the system's timezone settings. You are *required* to use the date.timezone setting or the date_default_timezone_set() function. In case you used any of those methods and you are still getting this warning, you most likely misspelled the timezone identifier. We selected 'Asia/Chongqing' for 'CST/8.0/no DST' instead (/Applications/MAMP/htdocs/hzb/USTB_Kepu/protected/views/layouts/main.php:51)
Stack trace:
#0 /Applications/MAMP/htdocs/hzb/framework/web/CBaseController.php(96): SiteController->renderInternal()
#1 /Applications/MAMP/htdocs/hzb/framework/web/widgets/CContentDecorator.php(77): SiteController->renderFile()
#2 /Applications/MAMP/htdocs/hzb/framework/web/widgets/CContentDecorator.php(55): CContentDecorator->decorate()
#3 /Applications/MAMP/htdocs/hzb/framework/web/widgets/COutputProcessor.php(45): CContentDecorator->processOutput()
#4 /Applications/MAMP/htdocs/hzb/framework/web/CBaseController.php(207): CContentDecorator->run()
#5 /Applications/MAMP/htdocs/hzb/framework/web/CBaseController.php(301): SiteController->endWidget()
#6 /Applications/MAMP/htdocs/hzb/USTB_Kepu/protected/views/layouts/column1.php(6): SiteController->endContent()
#7 /Applications/MAMP/htdocs/hzb/framework/web/CBaseController.php(127): require()
#8 /Applications/MAMP/htdocs/hzb/framework/web/CBaseController.php(96): SiteController->renderInternal()
#9 /Applications/MAMP/htdocs/hzb/framework/web/CController.php(785): SiteController->renderFile()
#10 /Applications/MAMP/htdocs/hzb/USTB_Kepu/protected/controllers/SiteController.php(32): SiteController->render()
#11 /Applications/MAMP/htdocs/hzb/framework/web/actions/CInlineAction.php(50): SiteController->actionIndex()
#12 /Applications/MAMP/htdocs/hzb/framework/web/CController.php(309): CInlineAction->runWithParams()
#13 /Applications/MAMP/htdocs/hzb/framework/web/CController.php(287): SiteController->runAction()
#14 /Applications/MAMP/htdocs/hzb/framework/web/CController.php(266): SiteController->runActionWithFilters()
#15 /Applications/MAMP/htdocs/hzb/framework/web/CWebApplication.php(283): SiteController->run()
#16 /Applications/MAMP/htdocs/hzb/framework/web/CWebApplication.php(142): CWebApplication->runController()
#17 /Applications/MAMP/htdocs/hzb/framework/base/CApplication.php(162): CWebApplication->processRequest()
#18 /Applications/MAMP/htdocs/hzb/USTB_Kepu/index.php(13): CWebApplication->run()
#19 /Applications/MAMP/htdocs/hzb/framework/cli/commands/ShellCommand.php(80): require()
#20 /Applications/MAMP/htdocs/hzb/framework/console/CConsoleCommandRunner.php(68): ShellCommand->run()
#21 /Applications/MAMP/htdocs/hzb/framework/console/CConsoleApplication.php(92): CConsoleCommandRunner->run()
#22 /Applications/MAMP/htdocs/hzb/framework/base/CApplication.php(162): CConsoleApplication->processRequest()
#23 /Applications/MAMP/htdocs/hzb/framework/yiic.php(34): CConsoleApplication->run()
#24 /Applications/MAMP/htdocs/hzb/framework/yiic(15): require_once()
REQUEST_URI=/index.php
2013/03/05 19:31:28 [error] [php] date(): It is not safe to rely on the system's timezone settings. You are *required* to use the date.timezone setting or the date_default_timezone_set() function. In case you used any of those methods and you are still getting this warning, you most likely misspelled the timezone identifier. We selected 'Asia/Chongqing' for 'CST/8.0/no DST' instead (/Applications/MAMP/htdocs/hzb/USTB_Kepu/protected/views/layouts/main.php:51)
Stack trace:
#0 /Applications/MAMP/htdocs/hzb/framework/web/CBaseController.php(96): SiteController->renderInternal()
#1 /Applications/MAMP/htdocs/hzb/framework/web/widgets/CContentDecorator.php(77): SiteController->renderFile()
#2 /Applications/MAMP/htdocs/hzb/framework/web/widgets/CContentDecorator.php(55): CContentDecorator->decorate()
#3 /Applications/MAMP/htdocs/hzb/framework/web/widgets/COutputProcessor.php(45): CContentDecorator->processOutput()
#4 /Applications/MAMP/htdocs/hzb/framework/web/CBaseController.php(207): CContentDecorator->run()
#5 /Applications/MAMP/htdocs/hzb/framework/web/CBaseController.php(301): SiteController->endWidget()
#6 /Applications/MAMP/htdocs/hzb/USTB_Kepu/protected/views/layouts/column1.php(6): SiteController->endContent()
#7 /Applications/MAMP/htdocs/hzb/framework/web/CBaseController.php(127): require()
#8 /Applications/MAMP/htdocs/hzb/framework/web/CBaseController.php(96): SiteController->renderInternal()
#9 /Applications/MAMP/htdocs/hzb/framework/web/CController.php(785): SiteController->renderFile()
#10 /Applications/MAMP/htdocs/hzb/USTB_Kepu/protected/controllers/SiteController.php(32): SiteController->render()
#11 /Applications/MAMP/htdocs/hzb/framework/web/actions/CInlineAction.php(50): SiteController->actionIndex()
#12 /Applications/MAMP/htdocs/hzb/framework/web/CController.php(309): CInlineAction->runWithParams()
#13 /Applications/MAMP/htdocs/hzb/framework/web/CController.php(287): SiteController->runAction()
#14 /Applications/MAMP/htdocs/hzb/framework/web/CController.php(266): SiteController->runActionWithFilters()
#15 /Applications/MAMP/htdocs/hzb/framework/web/CWebApplication.php(283): SiteController->run()
#16 /Applications/MAMP/htdocs/hzb/framework/web/CWebApplication.php(142): CWebApplication->runController()
#17 /Applications/MAMP/htdocs/hzb/framework/base/CApplication.php(162): CWebApplication->processRequest()
#18 /Applications/MAMP/htdocs/hzb/USTB_Kepu/index.php(13): CWebApplication->run()
#19 /Applications/MAMP/htdocs/hzb/framework/cli/commands/ShellCommand.php(80): require()
#20 /Applications/MAMP/htdocs/hzb/framework/console/CConsoleCommandRunner.php(68): ShellCommand->run()
#21 /Applications/MAMP/htdocs/hzb/framework/console/CConsoleApplication.php(92): CConsoleCommandRunner->run()
#22 /Applications/MAMP/htdocs/hzb/framework/base/CApplication.php(162): CConsoleApplication->processRequest()
#23 /Applications/MAMP/htdocs/hzb/framework/yiic.php(34): CConsoleApplication->run()
#24 /Applications/MAMP/htdocs/hzb/framework/yiic(15): require_once()
REQUEST_URI=/index.php
2013/03/05 19:31:51 [error] [php] date(): It is not safe to rely on the system's timezone settings. You are *required* to use the date.timezone setting or the date_default_timezone_set() function. In case you used any of those methods and you are still getting this warning, you most likely misspelled the timezone identifier. We selected 'Asia/Chongqing' for 'CST/8.0/no DST' instead (/Applications/MAMP/htdocs/hzb/USTB_Kepu/protected/views/layouts/main.php:51)
Stack trace:
#0 /Applications/MAMP/htdocs/hzb/framework/web/CBaseController.php(96): SiteController->renderInternal()
#1 /Applications/MAMP/htdocs/hzb/framework/web/widgets/CContentDecorator.php(77): SiteController->renderFile()
#2 /Applications/MAMP/htdocs/hzb/framework/web/widgets/CContentDecorator.php(55): CContentDecorator->decorate()
#3 /Applications/MAMP/htdocs/hzb/framework/web/widgets/COutputProcessor.php(45): CContentDecorator->processOutput()
#4 /Applications/MAMP/htdocs/hzb/framework/web/CBaseController.php(207): CContentDecorator->run()
#5 /Applications/MAMP/htdocs/hzb/framework/web/CBaseController.php(301): SiteController->endWidget()
#6 /Applications/MAMP/htdocs/hzb/USTB_Kepu/protected/views/layouts/column1.php(6): SiteController->endContent()
#7 /Applications/MAMP/htdocs/hzb/framework/web/CBaseController.php(127): require()
#8 /Applications/MAMP/htdocs/hzb/framework/web/CBaseController.php(96): SiteController->renderInternal()
#9 /Applications/MAMP/htdocs/hzb/framework/web/CController.php(785): SiteController->renderFile()
#10 /Applications/MAMP/htdocs/hzb/USTB_Kepu/protected/controllers/SiteController.php(32): SiteController->render()
#11 /Applications/MAMP/htdocs/hzb/framework/web/actions/CInlineAction.php(50): SiteController->actionIndex()
#12 /Applications/MAMP/htdocs/hzb/framework/web/CController.php(309): CInlineAction->runWithParams()
#13 /Applications/MAMP/htdocs/hzb/framework/web/CController.php(287): SiteController->runAction()
#14 /Applications/MAMP/htdocs/hzb/framework/web/CController.php(266): SiteController->runActionWithFilters()
#15 /Applications/MAMP/htdocs/hzb/framework/web/CWebApplication.php(283): SiteController->run()
#16 /Applications/MAMP/htdocs/hzb/framework/web/CWebApplication.php(142): CWebApplication->runController()
#17 /Applications/MAMP/htdocs/hzb/framework/base/CApplication.php(162): CWebApplication->processRequest()
#18 /Applications/MAMP/htdocs/hzb/USTB_Kepu/index.php(13): CWebApplication->run()
#19 /Applications/MAMP/htdocs/hzb/framework/cli/commands/ShellCommand.php(80): require()
#20 /Applications/MAMP/htdocs/hzb/framework/console/CConsoleCommandRunner.php(68): ShellCommand->run()
#21 /Applications/MAMP/htdocs/hzb/framework/console/CConsoleApplication.php(92): CConsoleCommandRunner->run()
#22 /Applications/MAMP/htdocs/hzb/framework/base/CApplication.php(162): CConsoleApplication->processRequest()
#23 /Applications/MAMP/htdocs/hzb/framework/yiic.php(34): CConsoleApplication->run()
#24 /Applications/MAMP/htdocs/hzb/framework/yiic(15): require_once()
REQUEST_URI=/index.php
